DECL
| float
| | =
| | | a
| | | 0
| | =
| | | b
| | | 1
| | =
| | | c
| | | 3
DECL
| int
| | =
| | | d
| | | 10
FUNDEF
| foo
| RET
| | int
| ARG
| | int
| | m
| PRINT
| | fundef
PRINT
| FUNCALL 
| | foo
| | 5.12
PRINT
| FUNCALL 
| | bar
| | +
| | | 3
| | | 8
| | "abc"
PRINT
| FUNCALL 
| | baz
| | !=
| | | 3
| | | 5
| | *
| | | "abc"
| | | how_many
| | Whatchamacallit
PRINT
| FUNCALL 
| | qux
| | hello
WHILE
| >
| | a
| | 1
| PRINT
| | FUNCALL 
| | | baba
| | | 2
WHILE
| >=
| | c
| | 1
| PRINT
| | "compound instructions"
| CONTINUE
| BREAK
RETURN
| FUNCALL 
| | b
| | a
=
| a
| +
| | b
| | c
:
| label_1
| =
| | a
| | p
:
| label_2
| PRINT
| | "w sumie to jak wypisywac labele?"
REPEAT
| =
| | a
| | +
| | | a
| | | b
UNTIL
| <
| | a
| | 1
