DECL
| int
| | =
| | | a
| | | 10
DECL
| float
| | =
| | | b
| | | 10
| | =
| | | a
| | | 8
| | =
| | | b
| | | 12
DECL
| int
| | =
| | | c
| | | 100
DECL
| string
| | =
| | | d
| | | "qux"
FUNDEF
| foo
| RET
| | int
| ARG
| | int
| | x
| ARG
| | float
| | y
| ARG
| | string
| | z
| ARG
| | string
| | x
| DECL
| | int
| | | =
| | | | c
| | | | 200
| DECL
| | int
| | | =
| | | | c
| | | | 100
| DECL
| | int
| | | =
| | | | b
| | | | 5
| FUNDEF
| | f
| | RET
| | | int
| | ARG
| | | int
| | | a
| | DECL
| | | int
| | | | =
| | | | | b
| | | | | 1
| | DECL
| | | int
| | | | =
| | | | | e
| | | | | 4
| | DECL
| | | int
| | | | =
| | | | | e
| | | | | 200
| | PRINT
| | | c
| =
| | x
| | z
| =
| | y
| | z
| =
| | x
| | y
| =
| | xxx
| | 15
| PRINT
| | FUNCALL 
| | | foo
| | | c
| | | +
| | | | a
| | | | c
| | | "bar"
| | | "baz"
| PRINT
| | wrong_variable
| PRINT
| | FUNCALL 
| | | wrong_function
| | | c
| | | 5.5
| | | "bar"
| PRINT
| | FUNCALL 
| | | foo
| | | c
| | | +
| | | | a
| | | | d
| | | "bar"
| PRINT
| | FUNCALL 
| | | foo
| | | +
| | | | a
| | | | FUNCALL 
| | | | | foo
| | | | | c
| | | | | 5.5
| PRINT
| | FUNCALL 
| | | outer_undefined
| | | +
| | | | aaa
| | | | FUNCALL 
| | | | | foo
| | | | | c
| | | | | 5.5
| PRINT
| | +
| | | a
| | | FUNCALL 
| | | | foobar
| | | | c
| | | | 5.5
| PRINT
| | FUNCALL 
| | | foo
| | | c
| | | +
| | | | b
| | | | FUNCALL 
| | | | | d
| | | | | 5
| | | "bar"
| PRINT
| | FUNCALL 
| | | foo
| | | c
| | | +
| | | | b
| | | | foo
| | | "bar"
| RETURN
| | +
| | | d
| | | d
| RETURN
| | +
| | | z
| | | z
| RETURN
| | 5.5
PRINT
| a
=
| a
| g
=
| a
| +
| | b
| | 1
RETURN
| 555
=
| d
| -
| | d
| | 1
Line 2: Symbol a is already defined
Line 2: Symbol b is already defined
Line 33: Parameter x already declared
Line 8: Symbol c is already defined
Line 13: Symbol e is already defined
Line 16: Cannot assign a string to an int variable
Line 17: Cannot assign an string to an float variable
Line 18: Cannot assign a float to an int variable
Line 19: Variable xxx to be assigned is unknown
Line 19: Parameter #2 expects float, but expression of type int found
Line 20: Symbol wrong_variable is undefined
Line 21: Function wrong_function is undefined
Line 22: Error: Operand int and operand string are not allowed for '+' operator.
Line 23: The function foo expects 4 parameters, but 2 given
Line 24: Function outer_undefined is undefined
Line 25: Function foobar is undefined
Line 26: Symbol d is a variable (expected function)
Line 27: Symbol foo is a function (expected a variable)
Line 29: Wrong return expression type, expected int, given string
Line 30: Wrong return expression type, expected int, given string
Line 31: Wrong return expression type, expected int, given float
Line 34: Symbol g is undefined
Line 36: Cannot assign a float to an int variable
Line 37: Return statement used outside a function
Line 37: Error: Operand string and operand int are not allowed for '-' operator.
